<?xml version="1.0" encoding="UTF-8"?>
<testsuite name="to.my.java.Algorithm.Gauss.GaussSumTest" tests="1" skipped="0" failures="0" errors="0" timestamp="2016-01-16T06:37:56" hostname="YOHAN" time="0.005">
  <properties/>
  <testcase name="testSum" classname="to.my.java.Algorithm.Gauss.GaussSumTest" time="0.005"/>
  <system-out><![CDATA[]]></system-out>
  <system-err><![CDATA[]]></system-err>
</testsuite>
